Server read error. Sat Sep  4 14:52:21 2021

Server read error. Sat Sep  4 14:52:24 2021

Server read error. Sat Sep  4 14:52:27 2021

Server read error. Sat Sep  4 14:52:30 2021

Server read error. Sat Sep  4 14:52:33 2021

Server read error. Sat Sep  4 14:52:36 2021

Server read error. Sat Sep  4 14:52:39 2021

Server read error. Sat Sep  4 14:52:42 2021

Server read error. Sat Sep  4 14:52:45 2021

Server read error. Sat Sep  4 14:52:48 2021

Server read error. Sat Sep  4 14:52:52 2021

Server read error. Sat Sep  4 14:52:55 2021

Server read error. Sat Sep  4 14:52:58 2021

Server read error. Sat Sep  4 14:53:01 2021

Server read error. Sat Sep  4 14:53:04 2021

Server read error. Sat Sep  4 14:53:07 2021

Server read error. Sat Sep  4 14:53:10 2021

IP Address: 192.168.178.50:8080/data.json Sat Sep  4 14:59:55 2021

ICAO file: ../aircraft_DB.csv Sat Sep  4 14:59:55 2021

ITERATIONS:-1 Sat Sep  4 14:59:55 2021

SORT: ALTITUDE Sat Sep  4 14:59:55 2021

SAVE_TRACKS: 1 Sat Sep  4 14:59:55 2021

AIRPORT_LON: 6.767073 Sat Sep  4 14:59:55 2021

AIRPORT_LAT: 51.292366 Sat Sep  4 14:59:55 2021

DATA_DIR: ../../FlightData Sat Sep  4 14:59:55 2021

START: Sat Sep  4 14:59:56 2021

